<?xml version="1.0" encoding="UTF-8"?>
<coverage generated="1544345751720" clover="3.2.0">
  <project timestamp="1544345751721" name="All files">
    <metrics statements="47" coveredstatements="44" conditionals="19" coveredconditionals="14" methods="5" coveredmethods="4" elements="71" coveredelements="62" complexity="0" loc="47" ncloc="47" packages="3" files="3" classes="3">
      <package name="GutenbergMetadata">
        <metrics statements="42" coveredstatements="39" conditionals="19" coveredconditionals="14" methods="5" coveredmethods="4"/>
        <file name="metaUtils.js" path="/Users/Goeman/GutenbergMetadata/metaUtils.js">
          <metrics statements="42" coveredstatements="39" conditionals="19" coveredconditionals="14" methods="5" coveredmethods="4"/>
          <line num="1" count="1" type="stmt"/>
          <line num="2" count="1" type="stmt"/>
          <line num="3" count="1" type="stmt"/>
          <line num="4" count="1" type="stmt"/>
          <line num="5" count="1" type="stmt"/>
          <line num="6" count="1" type="stmt"/>
          <line num="8" count="1" type="stmt"/>
          <line num="9" count="1" type="stmt"/>
          <line num="10" count="1" type="stmt"/>
          <line num="15" count="5" type="stmt"/>
          <line num="18" count="5" type="stmt"/>
          <line num="19" count="5" type="stmt"/>
          <line num="20" count="5" type="stmt"/>
          <line num="23" count="5" type="stmt"/>
          <line num="26" count="5" type="stmt"/>
          <line num="27" count="5" type="stmt"/>
          <line num="28" count="5" type="stmt"/>
          <line num="31" count="5" type="cond" truecount="2" falsecount="0"/>
          <line num="34" count="1" type="stmt"/>
          <line num="38" count="4" type="stmt"/>
          <line num="41" count="4" type="cond" truecount="2" falsecount="0"/>
          <line num="46" count="4" type="cond" truecount="1" falsecount="1"/>
          <line num="51" count="4" type="cond" truecount="1" falsecount="1"/>
          <line num="56" count="4" type="cond" truecount="2" falsecount="0"/>
          <line num="61" count="4" type="cond" truecount="2" falsecount="0"/>
          <line num="66" count="4" type="cond" truecount="1" falsecount="1"/>
          <line num="69" count="4" type="stmt"/>
          <line num="73" count="0" type="stmt"/>
          <line num="77" count="5" type="stmt"/>
          <line num="81" count="4" type="stmt"/>
          <line num="83" count="4" type="stmt"/>
          <line num="85" count="9" type="cond" truecount="1" falsecount="1"/>
          <line num="87" count="9" type="cond" truecount="2" falsecount="1"/>
          <line num="89" count="3" type="stmt"/>
          <line num="90" count="3" type="stmt"/>
          <line num="92" count="6" type="stmt"/>
          <line num="93" count="6" type="stmt"/>
          <line num="95" count="0" type="stmt"/>
          <line num="100" count="0" type="stmt"/>
          <line num="104" count="4" type="stmt"/>
          <line num="108" count="1" type="stmt"/>
          <line num="112" count="1" type="stmt"/>
        </file>
      </package>
      <package name="GutenbergMetadata.config">
        <metrics statements="2" coveredstatements="2" conditionals="0" coveredconditionals="0" methods="0" coveredmethods="0"/>
        <file name="appConfig.js" path="/Users/Goeman/GutenbergMetadata/config/appConfig.js">
          <metrics statements="2" coveredstatements="2" conditionals="0" coveredconditionals="0" methods="0" coveredmethods="0"/>
          <line num="1" count="1" type="stmt"/>
          <line num="8" count="1" type="stmt"/>
        </file>
      </package>
      <package name="GutenbergMetadata.models">
        <metrics statements="3" coveredstatements="3" conditionals="0" coveredconditionals="0" methods="0" coveredmethods="0"/>
        <file name="metaDataSchema.js" path="/Users/Goeman/GutenbergMetadata/models/metaDataSchema.js">
          <metrics statements="3" coveredstatements="3" conditionals="0" coveredconditionals="0" methods="0" coveredmethods="0"/>
          <line num="1" count="1" type="stmt"/>
          <line num="4" count="1" type="stmt"/>
          <line num="24" count="1" type="stmt"/>
        </file>
      </package>
    </metrics>
  </project>
</coverage>
