{"/Users/Goeman/GutenbergMetadata/metaUtils.js": {"path":"/Users/Goeman/GutenbergMetadata/metaUtils.js","statementMap":{"0":{"start":{"line":1,"column":11},"end":{"line":1,"column":24}},"1":{"start":{"line":2,"column":13},"end":{"line":2,"column":28}},"2":{"start":{"line":3,"column":15},"end":{"line":3,"column":32}},"3":{"start":{"line":4,"column":16},"end":{"line":4,"column":56}},"4":{"start":{"line":5,"column":23},"end":{"line":5,"column":49}},"5":{"start":{"line":6,"column":17},"end":{"line":6,"column":54}},"6":{"start":{"line":8,"column":16},"end":{"line":8,"column":42}},"7":{"start":{"line":9,"column":17},"end":{"line":9,"column":44}},"8":{"start":{"line":10,"column":20},"end":{"line":10,"column":54}},"9":{"start":{"line":15,"column":26},"end":{"line":15,"column":82}},"10":{"start":{"line":18,"column":20},"end":{"line":18,"column":54}},"11":{"start":{"line":19,"column":23},"end":{"line":19,"column":116}},"12":{"start":{"line":20,"column":17},"end":{"line":20,"column":70}},"13":{"start":{"line":23,"column":20},"end":{"line":23,"column":22}},"14":{"start":{"line":26,"column":16},"end":{"line":26,"column":30}},"15":{"start":{"line":27,"column":4},"end":{"line":27,"column":55}},"16":{"start":{"line":28,"column":4},"end":{"line":28,"column":37}},"17":{"start":{"line":31,"column":4},"end":{"line":35,"column":5}},"18":{"start":{"line":34,"column":8},"end":{"line":34,"column":20}},"19":{"start":{"line":38,"column":4},"end":{"line":38,"column":38}},"20":{"start":{"line":41,"column":4},"end":{"line":43,"column":52}},"21":{"start":{"line":46,"column":4},"end":{"line":48,"column":46}},"22":{"start":{"line":51,"column":4},"end":{"line":53,"column":49}},"23":{"start":{"line":56,"column":4},"end":{"line":58,"column":43}},"24":{"start":{"line":61,"column":4},"end":{"line":63,"column":53}},"25":{"start":{"line":66,"column":4},"end":{"line":68,"column":47}},"26":{"start":{"line":69,"column":4},"end":{"line":69,"column":21}},"27":{"start":{"line":73,"column":2},"end":{"line":73,"column":29}},"28":{"start":{"line":77,"column":2},"end":{"line":77,"column":37}},"29":{"start":{"line":81,"column":20},"end":{"line":81,"column":22}},"30":{"start":{"line":83,"column":4},"end":{"line":102,"column":5}},"31":{"start":{"line":85,"column":8},"end":{"line":101,"column":9}},"32":{"start":{"line":87,"column":12},"end":{"line":96,"column":13}},"33":{"start":{"line":89,"column":20},"end":{"line":89,"column":61}},"34":{"start":{"line":90,"column":20},"end":{"line":90,"column":26}},"35":{"start":{"line":92,"column":20},"end":{"line":92,"column":68}},"36":{"start":{"line":93,"column":20},"end":{"line":93,"column":26}},"37":{"start":{"line":95,"column":20},"end":{"line":95,"column":75}},"38":{"start":{"line":100,"column":12},"end":{"line":100,"column":59}},"39":{"start":{"line":104,"column":4},"end":{"line":104,"column":21}},"40":{"start":{"line":108,"column":2},"end":{"line":108,"column":50}},"41":{"start":{"line":112,"column":0},"end":{"line":112,"column":80}}},"fnMap":{"0":{"name":"generateObjectFromFile","decl":{"start":{"line":12,"column":15},"end":{"line":12,"column":37}},"loc":{"start":{"line":12,"column":82},"end":{"line":70,"column":1}},"line":12},"1":{"name":"readDirectory","decl":{"start":{"line":72,"column":15},"end":{"line":72,"column":28}},"loc":{"start":{"line":72,"column":35},"end":{"line":74,"column":1}},"line":72},"2":{"name":"readXMLFile","decl":{"start":{"line":76,"column":15},"end":{"line":76,"column":26}},"loc":{"start":{"line":76,"column":40},"end":{"line":78,"column":1}},"line":76},"3":{"name":"buildArray","decl":{"start":{"line":80,"column":15},"end":{"line":80,"column":25}},"loc":{"start":{"line":80,"column":61},"end":{"line":105,"column":1}},"line":80},"4":{"name":"saveRecordsToDatabase","decl":{"start":{"line":107,"column":15},"end":{"line":107,"column":36}},"loc":{"start":{"line":107,"column":52},"end":{"line":109,"column":1}},"line":107}},"branchMap":{"0":{"loc":{"start":{"line":31,"column":4},"end":{"line":35,"column":5}},"type":"if","locations":[{"start":{"line":31,"column":4},"end":{"line":35,"column":5}},{"start":{"line":31,"column":4},"end":{"line":35,"column":5}}],"line":31},"1":{"loc":{"start":{"line":41,"column":23},"end":{"line":43,"column":51}},"type":"cond-expr","locations":[{"start":{"line":42,"column":26},"end":{"line":42,"column":86}},{"start":{"line":43,"column":26},"end":{"line":43,"column":51}}],"line":41},"2":{"loc":{"start":{"line":46,"column":26},"end":{"line":48,"column":45}},"type":"cond-expr","locations":[{"start":{"line":47,"column":26},"end":{"line":47,"column":45}},{"start":{"line":48,"column":26},"end":{"line":48,"column":45}}],"line":46},"3":{"loc":{"start":{"line":51,"column":32},"end":{"line":53,"column":48}},"type":"cond-expr","locations":[{"start":{"line":52,"column":34},"end":{"line":52,"column":55}},{"start":{"line":53,"column":34},"end":{"line":53,"column":48}}],"line":51},"4":{"loc":{"start":{"line":56,"column":25},"end":{"line":58,"column":42}},"type":"cond-expr","locations":[{"start":{"line":57,"column":28},"end":{"line":57,"column":75}},{"start":{"line":58,"column":28},"end":{"line":58,"column":42}}],"line":56},"5":{"loc":{"start":{"line":61,"column":24},"end":{"line":63,"column":52}},"type":"cond-expr","locations":[{"start":{"line":62,"column":26},"end":{"line":62,"column":94}},{"start":{"line":63,"column":26},"end":{"line":63,"column":52}}],"line":61},"6":{"loc":{"start":{"line":66,"column":30},"end":{"line":68,"column":46}},"type":"cond-expr","locations":[{"start":{"line":67,"column":32},"end":{"line":67,"column":48}},{"start":{"line":68,"column":32},"end":{"line":68,"column":46}}],"line":66},"7":{"loc":{"start":{"line":85,"column":8},"end":{"line":101,"column":9}},"type":"if","locations":[{"start":{"line":85,"column":8},"end":{"line":101,"column":9}},{"start":{"line":85,"column":8},"end":{"line":101,"column":9}}],"line":85},"8":{"loc":{"start":{"line":87,"column":12},"end":{"line":96,"column":13}},"type":"switch","locations":[{"start":{"line":88,"column":16},"end":{"line":90,"column":26}},{"start":{"line":91,"column":16},"end":{"line":93,"column":26}},{"start":{"line":94,"column":16},"end":{"line":95,"column":75}}],"line":87}},"s":{"0":1,"1":1,"2":1,"3":1,"4":1,"5":1,"6":1,"7":1,"8":1,"9":5,"10":5,"11":5,"12":5,"13":5,"14":5,"15":5,"16":5,"17":5,"18":1,"19":4,"20":4,"21":4,"22":4,"23":4,"24":4,"25":4,"26":4,"27":0,"28":5,"29":4,"30":4,"31":9,"32":9,"33":3,"34":3,"35":6,"36":6,"37":0,"38":0,"39":4,"40":1,"41":1},"f":{"0":5,"1":0,"2":5,"3":4,"4":1},"b":{"0":[1,4],"1":[2,2],"2":[4,0],"3":[4,0],"4":[3,1],"5":[2,2],"6":[4,0],"7":[9,0],"8":[3,6,0]},"_coverageSchema":"332fd63041d2c1bcb487cc26dd0d5f7d97098a6c","hash":"6990de1bab6f886e7f3d60e6b5860290093fc6c3"}
,"/Users/Goeman/GutenbergMetadata/config/appConfig.js": {"path":"/Users/Goeman/GutenbergMetadata/config/appConfig.js","statementMap":{"0":{"start":{"line":1,"column":18},"end":{"line":6,"column":1}},"1":{"start":{"line":8,"column":0},"end":{"line":8,"column":27}}},"fnMap":{},"branchMap":{},"s":{"0":1,"1":1},"f":{},"b":{},"_coverageSchema":"332fd63041d2c1bcb487cc26dd0d5f7d97098a6c","hash":"bf44c1c4340132907893332219fb164b050f9e54"}
,"/Users/Goeman/GutenbergMetadata/models/metaDataSchema.js": {"path":"/Users/Goeman/GutenbergMetadata/models/metaDataSchema.js","statementMap":{"0":{"start":{"line":1,"column":17},"end":{"line":1,"column":36}},"1":{"start":{"line":4,"column":15},"end":{"line":21,"column":2}},"2":{"start":{"line":24,"column":0},"end":{"line":24,"column":54}}},"fnMap":{},"branchMap":{},"s":{"0":1,"1":1,"2":1},"f":{},"b":{},"_coverageSchema":"332fd63041d2c1bcb487cc26dd0d5f7d97098a6c","hash":"94406b570f1cff8f832bb974b24e72cf0204f33d"}
}
