TN:
SF:/Users/Goeman/GutenbergMetadata/metaUtils.js
FN:12,generateObjectFromFile
FN:72,readDirectory
FN:76,readXMLFile
FN:80,buildArray
FN:107,saveRecordsToDatabase
FNF:5
FNH:4
FNDA:5,generateObjectFromFile
FNDA:0,readDirectory
FNDA:5,readXMLFile
FNDA:4,buildArray
FNDA:1,saveRecordsToDatabase
DA:1,1
DA:2,1
DA:3,1
DA:4,1
DA:5,1
DA:6,1
DA:8,1
DA:9,1
DA:10,1
DA:15,5
DA:18,5
DA:19,5
DA:20,5
DA:23,5
DA:26,5
DA:27,5
DA:28,5
DA:31,5
DA:34,1
DA:38,4
DA:41,4
DA:46,4
DA:51,4
DA:56,4
DA:61,4
DA:66,4
DA:69,4
DA:73,0
DA:77,5
DA:81,4
DA:83,4
DA:85,9
DA:87,9
DA:89,3
DA:90,3
DA:92,6
DA:93,6
DA:95,0
DA:100,0
DA:104,4
DA:108,1
DA:112,1
LF:42
LH:39
BRDA:31,0,0,1
BRDA:31,0,1,4
BRDA:41,1,0,2
BRDA:41,1,1,2
BRDA:46,2,0,4
BRDA:46,2,1,0
BRDA:51,3,0,4
BRDA:51,3,1,0
BRDA:56,4,0,3
BRDA:56,4,1,1
BRDA:61,5,0,2
BRDA:61,5,1,2
BRDA:66,6,0,4
BRDA:66,6,1,0
BRDA:85,7,0,9
BRDA:85,7,1,0
BRDA:87,8,0,3
BRDA:87,8,1,6
BRDA:87,8,2,0
BRF:19
BRH:14
end_of_record
TN:
SF:/Users/Goeman/GutenbergMetadata/config/appConfig.js
FNF:0
FNH:0
DA:1,1
DA:8,1
LF:2
LH:2
BRF:0
BRH:0
end_of_record
TN:
SF:/Users/Goeman/GutenbergMetadata/models/metaDataSchema.js
FNF:0
FNH:0
DA:1,1
DA:4,1
DA:24,1
LF:3
LH:3
BRF:0
BRH:0
end_of_record
